# JRE version: OpenJDK Runtime Environment (8.0_152-b01) (build 1.8.0_152-release-1343-b01)
# Java VM: OpenJDK 64-Bit Server VM (25.152-b01 mixed mode windows-amd64 compressed oops)
Heap:
 PSYoungGen      total 500736K, used 6634K [0x00000000e0000000, 0x0000000100000000, 0x0000000100000000)
  eden space 477184K, 0% used [0x00000000e0000000,0x00000000e0000000,0x00000000fd200000)
  from space 23552K, 28% used [0x00000000fd200000,0x00000000fd87a868,0x00000000fe900000)
  to   space 23552K, 0% used [0x00000000fe900000,0x00000000fe900000,0x0000000100000000)
 ParOldGen       total 113664K, used 63967K [0x00000000a0000000, 0x00000000a6f00000, 0x00000000e0000000)
  object space 113664K, 56% used [0x00000000a0000000,0x00000000a3e77da0,0x00000000a6f00000)
 Metaspace       used 94585K, capacity 98246K, committed 98380K, reserved 1134592K
  class space    used 11831K, capacity 12523K, committed 12544K, reserved 1048576K
GC Heap History (10 events):
Event: 1173.076 GC heap after
Heap after GC invocations=26 (full 3):
 PSYoungGen      total 499200K, used 10396K [0x00000000e0000000, 0x00000000ffe80000, 0x0000000100000000)
  eden space 477184K, 0% used [0x00000000e0000000,0x00000000e0000000,0x00000000fd200000)
  from space 22016K, 47% used [0x00000000fd200000,0x00000000fdc27058,0x00000000fe780000)
  to   space 21504K, 0% used [0x00000000fe980000,0x00000000fe980000,0x00000000ffe80000)
 ParOldGen       total 113664K, used 53490K [0x00000000a0000000, 0x00000000a6f00000, 0x00000000e0000000)
  object space 113664K, 47% used [0x00000000a0000000,0x00000000a343c920,0x00000000a6f00000)
 Metaspace       used 91742K, capacity 95166K, committed 95320K, reserved 1132544K
  class space    used 11467K, capacity 12105K, committed 12160K, reserved 1048576K
}
Event: 1174.480 GC heap before
{Heap before GC invocations=27 (full 3):
 PSYoungGen      total 499200K, used 487580K [0x00000000e0000000, 0x00000000ffe80000, 0x0000000100000000)
  eden space 477184K, 100% used [0x00000000e0000000,0x00000000fd200000,0x00000000fd200000)
  from space 22016K, 47% used [0x00000000fd200000,0x00000000fdc27058,0x00000000fe780000)
  to   space 21504K, 0% used [0x00000000fe980000,0x00000000fe980000,0x00000000ffe80000)
 ParOldGen       total 113664K, used 53633K [0x00000000a0000000, 0x00000000a6f00000, 0x00000000e0000000)
  object space 113664K, 47% used [0x00000000a0000000,0x00000000a3460500,0x00000000a6f00000)
 Metaspace       used 91881K, capacity 95294K, committed 95576K, reserved 1132544K
  class space    used 11467K, capacity 12105K, committed 12160K, reserved 1048576K
Event: 1174.548 GC heap after
Heap after GC invocations=27 (full 3):
 PSYoungGen      total 501248K, used 11386K [0x00000000e0000000, 0x00000000ffd80000, 0x0000000100000000)
  eden space 480768K, 0% used [0x00000000e0000000,0x00000000e0000000,0x00000000fd580000)
  from space 20480K, 55% used [0x00000000fe980000,0x00000000ff49e8f8,0x00000000ffd80000)
  to   space 20480K, 0% used [0x00000000fd580000,0x00000000fd580000,0x00000000fe980000)
 ParOldGen       total 113664K, used 53633K [0x00000000a0000000, 0x00000000a6f00000, 0x00000000e0000000)
  object space 113664K, 47% used [0x00000000a0000000,0x00000000a3460500,0x00000000a6f00000)
 Metaspace       used 91881K, capacity 95294K, committed 95576K, reserved 1132544K
  class space    used 11467K, capacity 12105K, committed 12160K, reserved 1048576K
}
Event: 1176.077 GC heap before
{Heap before GC invocations=28 (full 3):
 PSYoungGen      total 501248K, used 492154K [0x00000000e0000000, 0x00000000ffd80000, 0x0000000100000000)
  eden space 480768K, 100% used [0x00000000e0000000,0x00000000fd580000,0x00000000fd580000)
  from space 20480K, 55% used [0x00000000fe980000,0x00000000ff49e8f8,0x00000000ffd80000)
  to   space 20480K, 0% used [0x00000000fd580000,0x00000000fd580000,0x00000000fe980000)
 ParOldGen       total 113664K, used 53635K [0x00000000a0000000, 0x00000000a6f00000, 0x00000000e0000000)
  object space 113664K, 47% used [0x00000000a0000000,0x00000000a3460c38,0x00000000a6f00000)
 Metaspace       used 92010K, capacity 95446K, committed 95576K, reserved 1132544K
  class space    used 11476K, capacity 12109K, committed 12160K, reserved 1048576K
Event: 1176.120 GC heap after
Heap after GC invocations=28 (full 3):
 PSYoungGen      total 501248K, used 10953K [0x00000000e0000000, 0x00000000fff00000, 0x0000000100000000)
  eden space 480768K, 0% used [0x00000000e0000000,0x00000000e0000000,0x00000000fd580000)
  from space 20480K, 53% used [0x00000000fd580000,0x00000000fe032600,0x00000000fe980000)
  to   space 19968K, 0% used [0x00000000feb80000,0x00000000feb80000,0x00000000fff00000)
 ParOldGen       total 113664K, used 53643K [0x00000000a0000000, 0x00000000a6f00000, 0x00000000e0000000)
  object space 113664K, 47% used [0x00000000a0000000,0x00000000a3462c38,0x00000000a6f00000)
 Metaspace       used 92010K, capacity 95446K, committed 95576K, reserved 1132544K
  class space    used 11476K, capacity 12109K, committed 12160K, reserved 1048576K
}
Event: 1185.655 GC heap before
{Heap before GC invocations=29 (full 3):
 PSYoungGen      total 501248K, used 491721K [0x00000000e0000000, 0x00000000fff00000, 0x0000000100000000)
  eden space 480768K, 100% used [0x00000000e0000000,0x00000000fd580000,0x00000000fd580000)
  from space 20480K, 53% used [0x00000000fd580000,0x00000000fe032600,0x00000000fe980000)
  to   space 19968K, 0% used [0x00000000feb80000,0x00000000feb80000,0x00000000fff00000)
 ParOldGen       total 113664K, used 53643K [0x00000000a0000000, 0x00000000a6f00000, 0x00000000e0000000)
  object space 113664K, 47% used [0x00000000a0000000,0x00000000a3462c38,0x00000000a6f00000)
 Metaspace       used 92759K, capacity 96216K, committed 96472K, reserved 1134592K
  class space    used 11540K, capacity 12172K, committed 12288K, reserved 1048576K
Event: 1185.686 GC heap after
Heap after GC invocations=29 (full 3):
 PSYoungGen      total 497152K, used 19954K [0x00000000e0000000, 0x0000000100000000, 0x0000000100000000)
  eden space 477184K, 0% used [0x00000000e0000000,0x00000000e0000000,0x00000000fd200000)
  from space 19968K, 99% used [0x00000000feb80000,0x00000000ffefc930,0x00000000fff00000)
  to   space 23552K, 0% used [0x00000000fd200000,0x00000000fd200000,0x00000000fe900000)
 ParOldGen       total 113664K, used 57197K [0x00000000a0000000, 0x00000000a6f00000, 0x00000000e0000000)
  object space 113664K, 50% used [0x00000000a0000000,0x00000000a37db658,0x00000000a6f00000)
 Metaspace       used 92759K, capacity 96216K, committed 96472K, reserved 1134592K
  class space    used 11540K, capacity 12172K, committed 12288K, reserved 1048576K
}
Event: 1190.694 GC heap before
{Heap before GC invocations=30 (full 3):
 PSYoungGen      total 497152K, used 313491K [0x00000000e0000000, 0x0000000100000000, 0x0000000100000000)
  eden space 477184K, 61% used [0x00000000e0000000,0x00000000f1ea8578,0x00000000fd200000)
  from space 19968K, 99% used [0x00000000feb80000,0x00000000ffefc930,0x00000000fff00000)
  to   space 23552K, 0% used [0x00000000fd200000,0x00000000fd200000,0x00000000fe900000)
 ParOldGen       total 113664K, used 57197K [0x00000000a0000000, 0x00000000a6f00000, 0x00000000e0000000)
  object space 113664K, 50% used [0x00000000a0000000,0x00000000a37db658,0x00000000a6f00000)
 Metaspace       used 94585K, capacity 98246K, committed 98380K, reserved 1134592K
  class space    used 11831K, capacity 12523K, committed 12544K, reserved 1048576K
Event: 1190.717 GC heap after
Heap after GC invocations=30 (full 3):
 PSYoungGen      total 500736K, used 6634K [0x00000000e0000000, 0x0000000100000000, 0x0000000100000000)
  eden space 477184K, 0% used [0x00000000e0000000,0x00000000e0000000,0x00000000fd200000)
  from space 23552K, 28% used [0x00000000fd200000,0x00000000fd87a868,0x00000000fe900000)
  to   space 23552K, 0% used [0x00000000fe900000,0x00000000fe900000,0x0000000100000000)
 ParOldGen       total 113664K, used 63967K [0x00000000a0000000, 0x00000000a6f00000, 0x00000000e0000000)
  object space 113664K, 56% used [0x00000000a0000000,0x00000000a3e77da0,0x00000000a6f00000)
 Metaspace       used 94585K, capacity 98246K, committed 98380K, reserved 1134592K
  class space    used 11831K, capacity 12523K, committed 12544K, reserved 1048576K
}
Event: 1190.718 GC heap before
{Heap before GC invocations=31 (full 4):
 PSYoungGen      total 500736K, used 6634K [0x00000000e0000000, 0x0000000100000000, 0x0000000100000000)
  eden space 477184K, 0% used [0x00000000e0000000,0x00000000e0000000,0x00000000fd200000)
  from space 23552K, 28% used [0x00000000fd200000,0x00000000fd87a868,0x00000000fe900000)
  to   space 23552K, 0% used [0x00000000fe900000,0x00000000fe900000,0x0000000100000000)
 ParOldGen       total 113664K, used 63967K [0x00000000a0000000, 0x00000000a6f00000, 0x00000000e0000000)
  object space 113664K, 56% used [0x00000000a0000000,0x00000000a3e77da0,0x00000000a6f00000)
 Metaspace       used 94585K, capacity 98246K, committed 98380K, reserved 1134592K
  class space    used 11831K, capacity 12523K, committed 12544K, reserved 1048576K

